<?xml version="1.0" encoding="UTF-8"?>
<testsuite xmlns:xsi="http://www.w3.org/2001/XMLSchema-instance" xsi:noNamespaceSchemaLocation="https://maven.apache.org/surefire/maven-surefire-plugin/xsd/surefire-test-report-3.0.xsd" version="3.0" name="com.hit.project.ProjectApplicationTests" time="6.32" tests="1" errors="0" skipped="0" failures="0">
  <properties>
    <property name="java.specification.version" value="17"/>
    <property name="sun.cpu.isalist" value="amd64"/>
    <property name="sun.jnu.encoding" value="GBK"/>
    <property name="java.class.path" value="D:\AA学习用文件夹\软件工程\实验\PicWizard\PicWizard\backend\Project\target\test-classes;D:\AA学习用文件夹\软件工程\实验\PicWizard\PicWizard\backend\Project\target\classes;D:\Java\apache-maven-3.6.3-bin\apache-maven-3.6.3\conf\repo\org\springframework\boot\spring-boot-starter-web\3.3.0\spring-boot-starter-web-3.3.0.jar;D:\Java\apache-maven-3.6.3-bin\apache-maven-3.6.3\conf\repo\org\springframework\boot\spring-boot-starter\3.3.0\spring-boot-starter-3.3.0.jar;D:\Java\apache-maven-3.6.3-bin\apache-maven-3.6.3\conf\repo\org\springframework\boot\spring-boot\3.3.0\spring-boot-3.3.0.jar;D:\Java\apache-maven-3.6.3-bin\apache-maven-3.6.3\conf\repo\org\springframework\boot\spring-boot-autoconfigure\3.3.0\spring-boot-autoconfigure-3.3.0.jar;D:\Java\apache-maven-3.6.3-bin\apache-maven-3.6.3\conf\repo\org\springframework\boot\spring-boot-starter-logging\3.3.0\spring-boot-starter-logging-3.3.0.jar;D:\Java\apache-maven-3.6.3-bin\apache-maven-3.6.3\conf\repo\ch\qos\logback\logback-classic\1.5.6\logback-classic-1.5.6.jar;D:\Java\apache-maven-3.6.3-bin\apache-maven-3.6.3\conf\repo\ch\qos\logback\logback-core\1.5.6\logback-core-1.5.6.jar;D:\Java\apache-maven-3.6.3-bin\apache-maven-3.6.3\conf\repo\org\apache\logging\log4j\log4j-to-slf4j\2.23.1\log4j-to-slf4j-2.23.1.jar;D:\Java\apache-maven-3.6.3-bin\apache-maven-3.6.3\conf\repo\org\apache\logging\log4j\log4j-api\2.23.1\log4j-api-2.23.1.jar;D:\Java\apache-maven-3.6.3-bin\apache-maven-3.6.3\conf\repo\org\slf4j\jul-to-slf4j\2.0.13\jul-to-slf4j-2.0.13.jar;D:\Java\apache-maven-3.6.3-bin\apache-maven-3.6.3\conf\repo\jakarta\annotation\jakarta.annotation-api\2.1.1\jakarta.annotation-api-2.1.1.jar;D:\Java\apache-maven-3.6.3-bin\apache-maven-3.6.3\conf\repo\org\yaml\snakeyaml\2.2\snakeyaml-2.2.jar;D:\Java\apache-maven-3.6.3-bin\apache-maven-3.6.3\conf\repo\org\springframework\boot\spring-boot-starter-json\3.3.0\spring-boot-starter-json-3.3.0.jar;D:\Java\apache-maven-3.6.3-bin\apache-maven-3.6.3\conf\repo\com\fasterxml\jackson\core\jackson-databind\2.17.1\jackson-databind-2.17.1.jar;D:\Java\apache-maven-3.6.3-bin\apache-maven-3.6.3\conf\repo\com\fasterxml\jackson\core\jackson-annotations\2.17.1\jackson-annotations-2.17.1.jar;D:\Java\apache-maven-3.6.3-bin\apache-maven-3.6.3\conf\repo\com\fasterxml\jackson\datatype\jackson-datatype-jdk8\2.17.1\jackson-datatype-jdk8-2.17.1.jar;D:\Java\apache-maven-3.6.3-bin\apache-maven-3.6.3\conf\repo\com\fasterxml\jackson\datatype\jackson-datatype-jsr310\2.17.1\jackson-datatype-jsr310-2.17.1.jar;D:\Java\apache-maven-3.6.3-bin\apache-maven-3.6.3\conf\repo\com\fasterxml\jackson\module\jackson-module-parameter-names\2.17.1\jackson-module-parameter-names-2.17.1.jar;D:\Java\apache-maven-3.6.3-bin\apache-maven-3.6.3\conf\repo\org\springframework\boot\spring-boot-starter-tomcat\3.3.0\spring-boot-starter-tomcat-3.3.0.jar;D:\Java\apache-maven-3.6.3-bin\apache-maven-3.6.3\conf\repo\org\apache\tomcat\embed\tomcat-embed-core\10.1.24\tomcat-embed-core-10.1.24.jar;D:\Java\apache-maven-3.6.3-bin\apache-maven-3.6.3\conf\repo\org\apache\tomcat\embed\tomcat-embed-el\10.1.24\tomcat-embed-el-10.1.24.jar;D:\Java\apache-maven-3.6.3-bin\apache-maven-3.6.3\conf\repo\org\apache\tomcat\embed\tomcat-embed-websocket\10.1.24\tomcat-embed-websocket-10.1.24.jar;D:\Java\apache-maven-3.6.3-bin\apache-maven-3.6.3\conf\repo\org\springframework\spring-web\6.1.8\spring-web-6.1.8.jar;D:\Java\apache-maven-3.6.3-bin\apache-maven-3.6.3\conf\repo\org\springframework\spring-beans\6.1.8\spring-beans-6.1.8.jar;D:\Java\apache-maven-3.6.3-bin\apache-maven-3.6.3\conf\repo\io\micrometer\micrometer-observation\1.13.0\micrometer-observation-1.13.0.jar;D:\Java\apache-maven-3.6.3-bin\apache-maven-3.6.3\conf\repo\io\micrometer\micrometer-commons\1.13.0\micrometer-commons-1.13.0.jar;D:\Java\apache-maven-3.6.3-bin\apache-maven-3.6.3\conf\repo\org\springframework\spring-webmvc\6.1.8\spring-webmvc-6.1.8.jar;D:\Java\apache-maven-3.6.3-bin\apache-maven-3.6.3\conf\repo\org\springframework\spring-aop\6.1.8\spring-aop-6.1.8.jar;D:\Java\apache-maven-3.6.3-bin\apache-maven-3.6.3\conf\repo\org\springframework\spring-context\6.1.8\spring-context-6.1.8.jar;D:\Java\apache-maven-3.6.3-bin\apache-maven-3.6.3\conf\repo\org\springframework\spring-expression\6.1.8\spring-expression-6.1.8.jar;D:\Java\apache-maven-3.6.3-bin\apache-maven-3.6.3\conf\repo\com\alibaba\dashscope-sdk-java\2.14.5\dashscope-sdk-java-2.14.5.jar;D:\Java\apache-maven-3.6.3-bin\apache-maven-3.6.3\conf\repo\io\reactivex\rxjava2\rxjava\2.2.21\rxjava-2.2.21.jar;D:\Java\apache-maven-3.6.3-bin\apache-maven-3.6.3\conf\repo\org\reactivestreams\reactive-streams\1.0.4\reactive-streams-1.0.4.jar;D:\Java\apache-maven-3.6.3-bin\apache-maven-3.6.3\conf\repo\com\google\code\gson\gson\2.10.1\gson-2.10.1.jar;D:\Java\apache-maven-3.6.3-bin\apache-maven-3.6.3\conf\repo\org\slf4j\slf4j-api\2.0.13\slf4j-api-2.0.13.jar;D:\Java\apache-maven-3.6.3-bin\apache-maven-3.6.3\conf\repo\org\slf4j\slf4j-simple\2.0.13\slf4j-simple-2.0.13.jar;D:\Java\apache-maven-3.6.3-bin\apache-maven-3.6.3\conf\repo\org\jetbrains\kotlin\kotlin-stdlib-jdk8\1.9.24\kotlin-stdlib-jdk8-1.9.24.jar;D:\Java\apache-maven-3.6.3-bin\apache-maven-3.6.3\conf\repo\org\jetbrains\kotlin\kotlin-stdlib\1.9.24\kotlin-stdlib-1.9.24.jar;D:\Java\apache-maven-3.6.3-bin\apache-maven-3.6.3\conf\repo\org\jetbrains\annotations\13.0\annotations-13.0.jar;D:\Java\apache-maven-3.6.3-bin\apache-maven-3.6.3\conf\repo\org\jetbrains\kotlin\kotlin-stdlib-jdk7\1.9.24\kotlin-stdlib-jdk7-1.9.24.jar;D:\Java\apache-maven-3.6.3-bin\apache-maven-3.6.3\conf\repo\com\squareup\okio\okio\3.6.0\okio-3.6.0.jar;D:\Java\apache-maven-3.6.3-bin\apache-maven-3.6.3\conf\repo\com\squareup\okio\okio-jvm\3.6.0\okio-jvm-3.6.0.jar;D:\Java\apache-maven-3.6.3-bin\apache-maven-3.6.3\conf\repo\org\jetbrains\kotlin\kotlin-stdlib-common\1.9.24\kotlin-stdlib-common-1.9.24.jar;D:\Java\apache-maven-3.6.3-bin\apache-maven-3.6.3\conf\repo\com\squareup\okhttp3\logging-interceptor\4.12.0\logging-interceptor-4.12.0.jar;D:\Java\apache-maven-3.6.3-bin\apache-maven-3.6.3\conf\repo\com\squareup\okhttp3\okhttp-sse\4.12.0\okhttp-sse-4.12.0.jar;D:\Java\apache-maven-3.6.3-bin\apache-maven-3.6.3\conf\repo\com\github\victools\jsonschema-generator\4.31.1\jsonschema-generator-4.31.1.jar;D:\Java\apache-maven-3.6.3-bin\apache-maven-3.6.3\conf\repo\com\fasterxml\classmate\1.7.0\classmate-1.7.0.jar;D:\Java\apache-maven-3.6.3-bin\apache-maven-3.6.3\conf\repo\com\fasterxml\jackson\core\jackson-core\2.17.1\jackson-core-2.17.1.jar;D:\Java\apache-maven-3.6.3-bin\apache-maven-3.6.3\conf\repo\com\squareup\okhttp3\okhttp\4.12.0\okhttp-4.12.0.jar;D:\Java\apache-maven-3.6.3-bin\apache-maven-3.6.3\conf\repo\org\springframework\boot\spring-boot-starter-test\3.3.0\spring-boot-starter-test-3.3.0.jar;D:\Java\apache-maven-3.6.3-bin\apache-maven-3.6.3\conf\repo\org\springframework\boot\spring-boot-test\3.3.0\spring-boot-test-3.3.0.jar;D:\Java\apache-maven-3.6.3-bin\apache-maven-3.6.3\conf\repo\org\springframework\boot\spring-boot-test-autoconfigure\3.3.0\spring-boot-test-autoconfigure-3.3.0.jar;D:\Java\apache-maven-3.6.3-bin\apache-maven-3.6.3\conf\repo\com\jayway\jsonpath\json-path\2.9.0\json-path-2.9.0.jar;D:\Java\apache-maven-3.6.3-bin\apache-maven-3.6.3\conf\repo\jakarta\xml\bind\jakarta.xml.bind-api\4.0.2\jakarta.xml.bind-api-4.0.2.jar;D:\Java\apache-maven-3.6.3-bin\apache-maven-3.6.3\conf\repo\jakarta\activation\jakarta.activation-api\2.1.3\jakarta.activation-api-2.1.3.jar;D:\Java\apache-maven-3.6.3-bin\apache-maven-3.6.3\conf\repo\net\minidev\json-smart\2.5.1\json-smart-2.5.1.jar;D:\Java\apache-maven-3.6.3-bin\apache-maven-3.6.3\conf\repo\net\minidev\accessors-smart\2.5.1\accessors-smart-2.5.1.jar;D:\Java\apache-maven-3.6.3-bin\apache-maven-3.6.3\conf\repo\org\ow2\asm\asm\9.6\asm-9.6.jar;D:\Java\apache-maven-3.6.3-bin\apache-maven-3.6.3\conf\repo\org\assertj\assertj-core\3.25.3\assertj-core-3.25.3.jar;D:\Java\apache-maven-3.6.3-bin\apache-maven-3.6.3\conf\repo\net\bytebuddy\byte-buddy\1.14.16\byte-buddy-1.14.16.jar;D:\Java\apache-maven-3.6.3-bin\apache-maven-3.6.3\conf\repo\org\awaitility\awaitility\4.2.1\awaitility-4.2.1.jar;D:\Java\apache-maven-3.6.3-bin\apache-maven-3.6.3\conf\repo\org\hamcrest\hamcrest\2.2\hamcrest-2.2.jar;D:\Java\apache-maven-3.6.3-bin\apache-maven-3.6.3\conf\repo\org\junit\jupiter\junit-jupiter\5.10.2\junit-jupiter-5.10.2.jar;D:\Java\apache-maven-3.6.3-bin\apache-maven-3.6.3\conf\repo\org\junit\jupiter\junit-jupiter-api\5.10.2\junit-jupiter-api-5.10.2.jar;D:\Java\apache-maven-3.6.3-bin\apache-maven-3.6.3\conf\repo\org\opentest4j\opentest4j\1.3.0\opentest4j-1.3.0.jar;D:\Java\apache-maven-3.6.3-bin\apache-maven-3.6.3\conf\repo\org\junit\platform\junit-platform-commons\1.10.2\junit-platform-commons-1.10.2.jar;D:\Java\apache-maven-3.6.3-bin\apache-maven-3.6.3\conf\repo\org\apiguardian\apiguardian-api\1.1.2\apiguardian-api-1.1.2.jar;D:\Java\apache-maven-3.6.3-bin\apache-maven-3.6.3\conf\repo\org\junit\jupiter\junit-jupiter-params\5.10.2\junit-jupiter-params-5.10.2.jar;D:\Java\apache-maven-3.6.3-bin\apache-maven-3.6.3\conf\repo\org\junit\jupiter\junit-jupiter-engine\5.10.2\junit-jupiter-engine-5.10.2.jar;D:\Java\apache-maven-3.6.3-bin\apache-maven-3.6.3\conf\repo\org\junit\platform\junit-platform-engine\1.10.2\junit-platform-engine-1.10.2.jar;D:\Java\apache-maven-3.6.3-bin\apache-maven-3.6.3\conf\repo\org\mockito\mockito-core\5.11.0\mockito-core-5.11.0.jar;D:\Java\apache-maven-3.6.3-bin\apache-maven-3.6.3\conf\repo\net\bytebuddy\byte-buddy-agent\1.14.16\byte-buddy-agent-1.14.16.jar;D:\Java\apache-maven-3.6.3-bin\apache-maven-3.6.3\conf\repo\org\objenesis\objenesis\3.3\objenesis-3.3.jar;D:\Java\apache-maven-3.6.3-bin\apache-maven-3.6.3\conf\repo\org\mockito\mockito-junit-jupiter\5.11.0\mockito-junit-jupiter-5.11.0.jar;D:\Java\apache-maven-3.6.3-bin\apache-maven-3.6.3\conf\repo\org\skyscreamer\jsonassert\1.5.1\jsonassert-1.5.1.jar;D:\Java\apache-maven-3.6.3-bin\apache-maven-3.6.3\conf\repo\org\springframework\spring-core\6.1.8\spring-core-6.1.8.jar;D:\Java\apache-maven-3.6.3-bin\apache-maven-3.6.3\conf\repo\org\springframework\spring-jcl\6.1.8\spring-jcl-6.1.8.jar;D:\Java\apache-maven-3.6.3-bin\apache-maven-3.6.3\conf\repo\org\springframework\spring-test\6.1.8\spring-test-6.1.8.jar;D:\Java\apache-maven-3.6.3-bin\apache-maven-3.6.3\conf\repo\org\xmlunit\xmlunit-core\2.9.1\xmlunit-core-2.9.1.jar;D:\Java\apache-maven-3.6.3-bin\apache-maven-3.6.3\conf\repo\com\vaadin\external\google\android-json\0.0.20131108.vaadin1\android-json-0.0.20131108.vaadin1.jar;D:\Java\apache-maven-3.6.3-bin\apache-maven-3.6.3\conf\repo\org\mybatis\spring\boot\mybatis-spring-boot-starter\3.0.3\mybatis-spring-boot-starter-3.0.3.jar;D:\Java\apache-maven-3.6.3-bin\apache-maven-3.6.3\conf\repo\org\springframework\boot\spring-boot-starter-jdbc\3.3.0\spring-boot-starter-jdbc-3.3.0.jar;D:\Java\apache-maven-3.6.3-bin\apache-maven-3.6.3\conf\repo\com\zaxxer\HikariCP\5.1.0\HikariCP-5.1.0.jar;D:\Java\apache-maven-3.6.3-bin\apache-maven-3.6.3\conf\repo\org\springframework\spring-jdbc\6.1.8\spring-jdbc-6.1.8.jar;D:\Java\apache-maven-3.6.3-bin\apache-maven-3.6.3\conf\repo\org\springframework\spring-tx\6.1.8\spring-tx-6.1.8.jar;D:\Java\apache-maven-3.6.3-bin\apache-maven-3.6.3\conf\repo\org\mybatis\spring\boot\mybatis-spring-boot-autoconfigure\3.0.3\mybatis-spring-boot-autoconfigure-3.0.3.jar;D:\Java\apache-maven-3.6.3-bin\apache-maven-3.6.3\conf\repo\org\mybatis\mybatis\3.5.14\mybatis-3.5.14.jar;D:\Java\apache-maven-3.6.3-bin\apache-maven-3.6.3\conf\repo\org\mybatis\mybatis-spring\3.0.3\mybatis-spring-3.0.3.jar;D:\Java\apache-maven-3.6.3-bin\apache-maven-3.6.3\conf\repo\mysql\mysql-connector-java\8.0.26\mysql-connector-java-8.0.26.jar;D:\Java\apache-maven-3.6.3-bin\apache-maven-3.6.3\conf\repo\com\google\protobuf\protobuf-java\3.11.4\protobuf-java-3.11.4.jar;D:\Java\apache-maven-3.6.3-bin\apache-maven-3.6.3\conf\repo\org\projectlombok\lombok\1.18.32\lombok-1.18.32.jar;"/>
    <property name="java.vm.vendor" value="Oracle Corporation"/>
    <property name="sun.arch.data.model" value="64"/>
    <property name="user.variant" value=""/>
    <property name="java.vendor.url" value="https://java.oracle.com/"/>
    <property name="user.timezone" value="Asia/Shanghai"/>
    <property name="os.name" value="Windows 10"/>
    <property name="java.vm.specification.version" value="17"/>
    <property name="sun.java.launcher" value="SUN_STANDARD"/>
    <property name="user.country" value="CN"/>
    <property name="sun.boot.library.path" value="D:\Java\JDK-17\bin"/>
    <property name="sun.java.command" value="C:\Users\DELL\AppData\Local\Temp\surefire10304150131807360255\surefirebooter-20240627195730524_3.jar C:\Users\DELL\AppData\Local\Temp\surefire10304150131807360255 2024-06-27T19-57-25_655-jvmRun1 surefire-20240627195730524_1tmp surefire_0-20240627195730524_2tmp"/>
    <property name="jdk.debug" value="release"/>
    <property name="surefire.test.class.path" value="D:\AA学习用文件夹\软件工程\实验\PicWizard\PicWizard\backend\Project\target\test-classes;D:\AA学习用文件夹\软件工程\实验\PicWizard\PicWizard\backend\Project\target\classes;D:\Java\apache-maven-3.6.3-bin\apache-maven-3.6.3\conf\repo\org\springframework\boot\spring-boot-starter-web\3.3.0\spring-boot-starter-web-3.3.0.jar;D:\Java\apache-maven-3.6.3-bin\apache-maven-3.6.3\conf\repo\org\springframework\boot\spring-boot-starter\3.3.0\spring-boot-starter-3.3.0.jar;D:\Java\apache-maven-3.6.3-bin\apache-maven-3.6.3\conf\repo\org\springframework\boot\spring-boot\3.3.0\spring-boot-3.3.0.jar;D:\Java\apache-maven-3.6.3-bin\apache-maven-3.6.3\conf\repo\org\springframework\boot\spring-boot-autoconfigure\3.3.0\spring-boot-autoconfigure-3.3.0.jar;D:\Java\apache-maven-3.6.3-bin\apache-maven-3.6.3\conf\repo\org\springframework\boot\spring-boot-starter-logging\3.3.0\spring-boot-starter-logging-3.3.0.jar;D:\Java\apache-maven-3.6.3-bin\apache-maven-3.6.3\conf\repo\ch\qos\logback\logback-classic\1.5.6\logback-classic-1.5.6.jar;D:\Java\apache-maven-3.6.3-bin\apache-maven-3.6.3\conf\repo\ch\qos\logback\logback-core\1.5.6\logback-core-1.5.6.jar;D:\Java\apache-maven-3.6.3-bin\apache-maven-3.6.3\conf\repo\org\apache\logging\log4j\log4j-to-slf4j\2.23.1\log4j-to-slf4j-2.23.1.jar;D:\Java\apache-maven-3.6.3-bin\apache-maven-3.6.3\conf\repo\org\apache\logging\log4j\log4j-api\2.23.1\log4j-api-2.23.1.jar;D:\Java\apache-maven-3.6.3-bin\apache-maven-3.6.3\conf\repo\org\slf4j\jul-to-slf4j\2.0.13\jul-to-slf4j-2.0.13.jar;D:\Java\apache-maven-3.6.3-bin\apache-maven-3.6.3\conf\repo\jakarta\annotation\jakarta.annotation-api\2.1.1\jakarta.annotation-api-2.1.1.jar;D:\Java\apache-maven-3.6.3-bin\apache-maven-3.6.3\conf\repo\org\yaml\snakeyaml\2.2\snakeyaml-2.2.jar;D:\Java\apache-maven-3.6.3-bin\apache-maven-3.6.3\conf\repo\org\springframework\boot\spring-boot-starter-json\3.3.0\spring-boot-starter-json-3.3.0.jar;D:\Java\apache-maven-3.6.3-bin\apache-maven-3.6.3\conf\repo\com\fasterxml\jackson\core\jackson-databind\2.17.1\jackson-databind-2.17.1.jar;D:\Java\apache-maven-3.6.3-bin\apache-maven-3.6.3\conf\repo\com\fasterxml\jackson\core\jackson-annotations\2.17.1\jackson-annotations-2.17.1.jar;D:\Java\apache-maven-3.6.3-bin\apache-maven-3.6.3\conf\repo\com\fasterxml\jackson\datatype\jackson-datatype-jdk8\2.17.1\jackson-datatype-jdk8-2.17.1.jar;D:\Java\apache-maven-3.6.3-bin\apache-maven-3.6.3\conf\repo\com\fasterxml\jackson\datatype\jackson-datatype-jsr310\2.17.1\jackson-datatype-jsr310-2.17.1.jar;D:\Java\apache-maven-3.6.3-bin\apache-maven-3.6.3\conf\repo\com\fasterxml\jackson\module\jackson-module-parameter-names\2.17.1\jackson-module-parameter-names-2.17.1.jar;D:\Java\apache-maven-3.6.3-bin\apache-maven-3.6.3\conf\repo\org\springframework\boot\spring-boot-starter-tomcat\3.3.0\spring-boot-starter-tomcat-3.3.0.jar;D:\Java\apache-maven-3.6.3-bin\apache-maven-3.6.3\conf\repo\org\apache\tomcat\embed\tomcat-embed-core\10.1.24\tomcat-embed-core-10.1.24.jar;D:\Java\apache-maven-3.6.3-bin\apache-maven-3.6.3\conf\repo\org\apache\tomcat\embed\tomcat-embed-el\10.1.24\tomcat-embed-el-10.1.24.jar;D:\Java\apache-maven-3.6.3-bin\apache-maven-3.6.3\conf\repo\org\apache\tomcat\embed\tomcat-embed-websocket\10.1.24\tomcat-embed-websocket-10.1.24.jar;D:\Java\apache-maven-3.6.3-bin\apache-maven-3.6.3\conf\repo\org\springframework\spring-web\6.1.8\spring-web-6.1.8.jar;D:\Java\apache-maven-3.6.3-bin\apache-maven-3.6.3\conf\repo\org\springframework\spring-beans\6.1.8\spring-beans-6.1.8.jar;D:\Java\apache-maven-3.6.3-bin\apache-maven-3.6.3\conf\repo\io\micrometer\micrometer-observation\1.13.0\micrometer-observation-1.13.0.jar;D:\Java\apache-maven-3.6.3-bin\apache-maven-3.6.3\conf\repo\io\micrometer\micrometer-commons\1.13.0\micrometer-commons-1.13.0.jar;D:\Java\apache-maven-3.6.3-bin\apache-maven-3.6.3\conf\repo\org\springframework\spring-webmvc\6.1.8\spring-webmvc-6.1.8.jar;D:\Java\apache-maven-3.6.3-bin\apache-maven-3.6.3\conf\repo\org\springframework\spring-aop\6.1.8\spring-aop-6.1.8.jar;D:\Java\apache-maven-3.6.3-bin\apache-maven-3.6.3\conf\repo\org\springframework\spring-context\6.1.8\spring-context-6.1.8.jar;D:\Java\apache-maven-3.6.3-bin\apache-maven-3.6.3\conf\repo\org\springframework\spring-expression\6.1.8\spring-expression-6.1.8.jar;D:\Java\apache-maven-3.6.3-bin\apache-maven-3.6.3\conf\repo\com\alibaba\dashscope-sdk-java\2.14.5\dashscope-sdk-java-2.14.5.jar;D:\Java\apache-maven-3.6.3-bin\apache-maven-3.6.3\conf\repo\io\reactivex\rxjava2\rxjava\2.2.21\rxjava-2.2.21.jar;D:\Java\apache-maven-3.6.3-bin\apache-maven-3.6.3\conf\repo\org\reactivestreams\reactive-streams\1.0.4\reactive-streams-1.0.4.jar;D:\Java\apache-maven-3.6.3-bin\apache-maven-3.6.3\conf\repo\com\google\code\gson\gson\2.10.1\gson-2.10.1.jar;D:\Java\apache-maven-3.6.3-bin\apache-maven-3.6.3\conf\repo\org\slf4j\slf4j-api\2.0.13\slf4j-api-2.0.13.jar;D:\Java\apache-maven-3.6.3-bin\apache-maven-3.6.3\conf\repo\org\slf4j\slf4j-simple\2.0.13\slf4j-simple-2.0.13.jar;D:\Java\apache-maven-3.6.3-bin\apache-maven-3.6.3\conf\repo\org\jetbrains\kotlin\kotlin-stdlib-jdk8\1.9.24\kotlin-stdlib-jdk8-1.9.24.jar;D:\Java\apache-maven-3.6.3-bin\apache-maven-3.6.3\conf\repo\org\jetbrains\kotlin\kotlin-stdlib\1.9.24\kotlin-stdlib-1.9.24.jar;D:\Java\apache-maven-3.6.3-bin\apache-maven-3.6.3\conf\repo\org\jetbrains\annotations\13.0\annotations-13.0.jar;D:\Java\apache-maven-3.6.3-bin\apache-maven-3.6.3\conf\repo\org\jetbrains\kotlin\kotlin-stdlib-jdk7\1.9.24\kotlin-stdlib-jdk7-1.9.24.jar;D:\Java\apache-maven-3.6.3-bin\apache-maven-3.6.3\conf\repo\com\squareup\okio\okio\3.6.0\okio-3.6.0.jar;D:\Java\apache-maven-3.6.3-bin\apache-maven-3.6.3\conf\repo\com\squareup\okio\okio-jvm\3.6.0\okio-jvm-3.6.0.jar;D:\Java\apache-maven-3.6.3-bin\apache-maven-3.6.3\conf\repo\org\jetbrains\kotlin\kotlin-stdlib-common\1.9.24\kotlin-stdlib-common-1.9.24.jar;D:\Java\apache-maven-3.6.3-bin\apache-maven-3.6.3\conf\repo\com\squareup\okhttp3\logging-interceptor\4.12.0\logging-interceptor-4.12.0.jar;D:\Java\apache-maven-3.6.3-bin\apache-maven-3.6.3\conf\repo\com\squareup\okhttp3\okhttp-sse\4.12.0\okhttp-sse-4.12.0.jar;D:\Java\apache-maven-3.6.3-bin\apache-maven-3.6.3\conf\repo\com\github\victools\jsonschema-generator\4.31.1\jsonschema-generator-4.31.1.jar;D:\Java\apache-maven-3.6.3-bin\apache-maven-3.6.3\conf\repo\com\fasterxml\classmate\1.7.0\classmate-1.7.0.jar;D:\Java\apache-maven-3.6.3-bin\apache-maven-3.6.3\conf\repo\com\fasterxml\jackson\core\jackson-core\2.17.1\jackson-core-2.17.1.jar;D:\Java\apache-maven-3.6.3-bin\apache-maven-3.6.3\conf\repo\com\squareup\okhttp3\okhttp\4.12.0\okhttp-4.12.0.jar;D:\Java\apache-maven-3.6.3-bin\apache-maven-3.6.3\conf\repo\org\springframework\boot\spring-boot-starter-test\3.3.0\spring-boot-starter-test-3.3.0.jar;D:\Java\apache-maven-3.6.3-bin\apache-maven-3.6.3\conf\repo\org\springframework\boot\spring-boot-test\3.3.0\spring-boot-test-3.3.0.jar;D:\Java\apache-maven-3.6.3-bin\apache-maven-3.6.3\conf\repo\org\springframework\boot\spring-boot-test-autoconfigure\3.3.0\spring-boot-test-autoconfigure-3.3.0.jar;D:\Java\apache-maven-3.6.3-bin\apache-maven-3.6.3\conf\repo\com\jayway\jsonpath\json-path\2.9.0\json-path-2.9.0.jar;D:\Java\apache-maven-3.6.3-bin\apache-maven-3.6.3\conf\repo\jakarta\xml\bind\jakarta.xml.bind-api\4.0.2\jakarta.xml.bind-api-4.0.2.jar;D:\Java\apache-maven-3.6.3-bin\apache-maven-3.6.3\conf\repo\jakarta\activation\jakarta.activation-api\2.1.3\jakarta.activation-api-2.1.3.jar;D:\Java\apache-maven-3.6.3-bin\apache-maven-3.6.3\conf\repo\net\minidev\json-smart\2.5.1\json-smart-2.5.1.jar;D:\Java\apache-maven-3.6.3-bin\apache-maven-3.6.3\conf\repo\net\minidev\accessors-smart\2.5.1\accessors-smart-2.5.1.jar;D:\Java\apache-maven-3.6.3-bin\apache-maven-3.6.3\conf\repo\org\ow2\asm\asm\9.6\asm-9.6.jar;D:\Java\apache-maven-3.6.3-bin\apache-maven-3.6.3\conf\repo\org\assertj\assertj-core\3.25.3\assertj-core-3.25.3.jar;D:\Java\apache-maven-3.6.3-bin\apache-maven-3.6.3\conf\repo\net\bytebuddy\byte-buddy\1.14.16\byte-buddy-1.14.16.jar;D:\Java\apache-maven-3.6.3-bin\apache-maven-3.6.3\conf\repo\org\awaitility\awaitility\4.2.1\awaitility-4.2.1.jar;D:\Java\apache-maven-3.6.3-bin\apache-maven-3.6.3\conf\repo\org\hamcrest\hamcrest\2.2\hamcrest-2.2.jar;D:\Java\apache-maven-3.6.3-bin\apache-maven-3.6.3\conf\repo\org\junit\jupiter\junit-jupiter\5.10.2\junit-jupiter-5.10.2.jar;D:\Java\apache-maven-3.6.3-bin\apache-maven-3.6.3\conf\repo\org\junit\jupiter\junit-jupiter-api\5.10.2\junit-jupiter-api-5.10.2.jar;D:\Java\apache-maven-3.6.3-bin\apache-maven-3.6.3\conf\repo\org\opentest4j\opentest4j\1.3.0\opentest4j-1.3.0.jar;D:\Java\apache-maven-3.6.3-bin\apache-maven-3.6.3\conf\repo\org\junit\platform\junit-platform-commons\1.10.2\junit-platform-commons-1.10.2.jar;D:\Java\apache-maven-3.6.3-bin\apache-maven-3.6.3\conf\repo\org\apiguardian\apiguardian-api\1.1.2\apiguardian-api-1.1.2.jar;D:\Java\apache-maven-3.6.3-bin\apache-maven-3.6.3\conf\repo\org\junit\jupiter\junit-jupiter-params\5.10.2\junit-jupiter-params-5.10.2.jar;D:\Java\apache-maven-3.6.3-bin\apache-maven-3.6.3\conf\repo\org\junit\jupiter\junit-jupiter-engine\5.10.2\junit-jupiter-engine-5.10.2.jar;D:\Java\apache-maven-3.6.3-bin\apache-maven-3.6.3\conf\repo\org\junit\platform\junit-platform-engine\1.10.2\junit-platform-engine-1.10.2.jar;D:\Java\apache-maven-3.6.3-bin\apache-maven-3.6.3\conf\repo\org\mockito\mockito-core\5.11.0\mockito-core-5.11.0.jar;D:\Java\apache-maven-3.6.3-bin\apache-maven-3.6.3\conf\repo\net\bytebuddy\byte-buddy-agent\1.14.16\byte-buddy-agent-1.14.16.jar;D:\Java\apache-maven-3.6.3-bin\apache-maven-3.6.3\conf\repo\org\objenesis\objenesis\3.3\objenesis-3.3.jar;D:\Java\apache-maven-3.6.3-bin\apache-maven-3.6.3\conf\repo\org\mockito\mockito-junit-jupiter\5.11.0\mockito-junit-jupiter-5.11.0.jar;D:\Java\apache-maven-3.6.3-bin\apache-maven-3.6.3\conf\repo\org\skyscreamer\jsonassert\1.5.1\jsonassert-1.5.1.jar;D:\Java\apache-maven-3.6.3-bin\apache-maven-3.6.3\conf\repo\org\springframework\spring-core\6.1.8\spring-core-6.1.8.jar;D:\Java\apache-maven-3.6.3-bin\apache-maven-3.6.3\conf\repo\org\springframework\spring-jcl\6.1.8\spring-jcl-6.1.8.jar;D:\Java\apache-maven-3.6.3-bin\apache-maven-3.6.3\conf\repo\org\springframework\spring-test\6.1.8\spring-test-6.1.8.jar;D:\Java\apache-maven-3.6.3-bin\apache-maven-3.6.3\conf\repo\org\xmlunit\xmlunit-core\2.9.1\xmlunit-core-2.9.1.jar;D:\Java\apache-maven-3.6.3-bin\apache-maven-3.6.3\conf\repo\com\vaadin\external\google\android-json\0.0.20131108.vaadin1\android-json-0.0.20131108.vaadin1.jar;D:\Java\apache-maven-3.6.3-bin\apache-maven-3.6.3\conf\repo\org\mybatis\spring\boot\mybatis-spring-boot-starter\3.0.3\mybatis-spring-boot-starter-3.0.3.jar;D:\Java\apache-maven-3.6.3-bin\apache-maven-3.6.3\conf\repo\org\springframework\boot\spring-boot-starter-jdbc\3.3.0\spring-boot-starter-jdbc-3.3.0.jar;D:\Java\apache-maven-3.6.3-bin\apache-maven-3.6.3\conf\repo\com\zaxxer\HikariCP\5.1.0\HikariCP-5.1.0.jar;D:\Java\apache-maven-3.6.3-bin\apache-maven-3.6.3\conf\repo\org\springframework\spring-jdbc\6.1.8\spring-jdbc-6.1.8.jar;D:\Java\apache-maven-3.6.3-bin\apache-maven-3.6.3\conf\repo\org\springframework\spring-tx\6.1.8\spring-tx-6.1.8.jar;D:\Java\apache-maven-3.6.3-bin\apache-maven-3.6.3\conf\repo\org\mybatis\spring\boot\mybatis-spring-boot-autoconfigure\3.0.3\mybatis-spring-boot-autoconfigure-3.0.3.jar;D:\Java\apache-maven-3.6.3-bin\apache-maven-3.6.3\conf\repo\org\mybatis\mybatis\3.5.14\mybatis-3.5.14.jar;D:\Java\apache-maven-3.6.3-bin\apache-maven-3.6.3\conf\repo\org\mybatis\mybatis-spring\3.0.3\mybatis-spring-3.0.3.jar;D:\Java\apache-maven-3.6.3-bin\apache-maven-3.6.3\conf\repo\mysql\mysql-connector-java\8.0.26\mysql-connector-java-8.0.26.jar;D:\Java\apache-maven-3.6.3-bin\apache-maven-3.6.3\conf\repo\com\google\protobuf\protobuf-java\3.11.4\protobuf-java-3.11.4.jar;D:\Java\apache-maven-3.6.3-bin\apache-maven-3.6.3\conf\repo\org\projectlombok\lombok\1.18.32\lombok-1.18.32.jar;"/>
    <property name="sun.cpu.endian" value="little"/>
    <property name="user.home" value="C:\Users\DELL"/>
    <property name="user.language" value="zh"/>
    <property name="java.specification.vendor" value="Oracle Corporation"/>
    <property name="java.version.date" value="2022-01-18"/>
    <property name="java.home" value="D:\Java\JDK-17"/>
    <property name="file.separator" value="\"/>
    <property name="basedir" value="D:\AA学习用文件夹\软件工程\实验\PicWizard\PicWizard\backend\Project"/>
    <property name="java.vm.compressedOopsMode" value="Zero based"/>
    <property name="line.separator" value="&#10;"/>
    <property name="java.vm.specification.vendor" value="Oracle Corporation"/>
    <property name="java.specification.name" value="Java Platform API Specification"/>
    <property name="FILE_LOG_CHARSET" value="GBK"/>
    <property name="java.awt.headless" value="true"/>
    <property name="surefire.real.class.path" value="C:\Users\DELL\AppData\Local\Temp\surefire10304150131807360255\surefirebooter-20240627195730524_3.jar"/>
    <property name="user.script" value=""/>
    <property name="sun.management.compiler" value="HotSpot 64-Bit Tiered Compilers"/>
    <property name="java.runtime.version" value="17.0.2+8-LTS-86"/>
    <property name="user.name" value="DELL"/>
    <property name="path.separator" value=";"/>
    <property name="os.version" value="10.0"/>
    <property name="java.runtime.name" value="Java(TM) SE Runtime Environment"/>
    <property name="file.encoding" value="GBK"/>
    <property name="java.vm.name" value="Java HotSpot(TM) 64-Bit Server VM"/>
    <property name="localRepository" value="D:\Java\apache-maven-3.6.3-bin\apache-maven-3.6.3\conf\repo"/>
    <property name="java.vendor.url.bug" value="https://bugreport.java.com/bugreport/"/>
    <property name="java.io.tmpdir" value="C:\Users\DELL\AppData\Local\Temp\"/>
    <property name="idea.version" value="2022.3.3"/>
    <property name="java.version" value="17.0.2"/>
    <property name="user.dir" value="D:\AA学习用文件夹\软件工程\实验\PicWizard\PicWizard\backend\Project"/>
    <property name="os.arch" value="amd64"/>
    <property name="java.vm.specification.name" value="Java Virtual Machine Specification"/>
    <property name="PID" value="24540"/>
    <property name="sun.os.patch.level" value=""/>
    <property name="CONSOLE_LOG_CHARSET" value="GBK"/>
    <property name="native.encoding" value="GBK"/>
    <property name="java.library.path" value="D:\Java\JDK-17\bin;C:\Windows\Sun\Java\bin;C:\Windows\system32;C:\Windows;E:\NVIDIA GPU Computing Toolkit\CUDA\v12.2\bin;E:\NVIDIA GPU Computing Toolkit\CUDA\v12.2\libnvvp;C:\Program Files (x86)\Common Files\Oracle\Java\javapath;D:\AA学习用文件夹\程序设计实践Linux\VMware\bin\;C:\Program;iles\Common Files\Oracle\Java\javapath;C:\Windows\system32;C:\Windows;C:\Windows\System32\Wbem;C:\Windows\System32\WindowsPowerShell\v1.0\;C:\Windows\System32\OpenSSH\;C:\Program Files (x86)\NVIDIA Corporation\PhysX\Common;C:\Program Files\NVIDIA Corporation\NVIDIA NvDLISR;C:\Program Files\dotnet\;D:\Bandizip\;D:\Java\JDK-17\bin;D:\Java\JDK-17\jre\bin;F:\MATLAB\runtime\win64;F:\MATLAB\bin;D:\CodeBlocks\MinGW\bin;D:\Xshell 7\;D:\Xftp 7\;D:\javascript\node\;D:\python376\Scripts\;D:\python376\;D:\Anaconda;D:\Anaconda\Scripts;D:\Anaconda\Library\bin;D:\Anaconda\Library\mingw-w64\bin;D:\aliyun;D:\Git\cmd;D:\mysql\mysql-8.0.26-winx64\bin;D:\Java\apache-maven-3.6.3-bin\apache-maven-3.6.3\bin\;D:\NVIDA GPU Computing Toolkit\CUDA\v12.2\bin;D:\NVIDA GPU Computing Toolkit\CUDA\v12.2\lib\x64;C:\Program Files\NVIDIA Corporation\Nsight Compute 2023.2.2\;E:\Bochs-2.7;D:\hadoop-3.3.1\bin;C:\Users\DELL\AppData\Local\Programs\Python\Python37;C:\Users\DELL\AppData\Local\Programs\Python\Python37\Scripts;D:\python376\Scripts\;D:\python376\;D:\python\Scripts\;D:\python\;C:\Users\DELL\AppData\Local\Microsoft\WindowsApps;D:\PyCharm\PyCharm Community Edition 2021.3.2\bin;;D:\LaTeX\texlive\2021\bin\win32;C:\Users\DELL\.dotnet\tools;D:\Microsoft VS Code\bin;C:\Users\DELL\AppData\Roaming\npm;D:\Java\IDEA\IntelliJ IDEA 2022.3.3\bin;;;."/>
    <property name="java.vm.info" value="mixed mode, sharing"/>
    <property name="java.vendor" value="Oracle Corporation"/>
    <property name="java.vm.version" value="17.0.2+8-LTS-86"/>
    <property name="sun.io.unicode.encoding" value="UnicodeLittle"/>
    <property name="maven.repo.local" value="D:\Java\apache-maven-3.6.3-bin\apache-maven-3.6.3\conf\repo"/>
    <property name="java.class.version" value="61.0"/>
    <property name="LOGGED_APPLICATION_NAME" value="[Project] "/>
  </properties>
  <testcase name="contextLoads" classname="com.hit.project.ProjectApplicationTests" time="1.495">
    <system-out><![CDATA[19:57:31.684 [main] INFO org.springframework.test.context.support.AnnotationConfigContextLoaderUtils -- Could not detect default configuration classes for test class [com.hit.project.ProjectApplicationTests]: ProjectApplicationTests does not declare any static, non-private, non-final, nested classes annotated with @Configuration.
19:57:31.855 [main] INFO org.springframework.boot.test.context.SpringBootTestContextBootstrapper -- Found @SpringBootConfiguration com.hit.project.ProjectApplication for test class com.hit.project.ProjectApplicationTests
  .   ____          _            __ _ _
 /\\ / ___'_ __ _ _(_)_ __  __ _ \ \ \ \
( ( )\___ | '_ | '_| | '_ \/ _` | \ \ \ \
 \\/  ___)| |_)| | | | | || (_| |  ) ) ) )
  '  |____| .__|_| |_|_| |_\__, | / / / /
 =========|_|==============|___/=/_/_/_/

 :: Spring Boot ::                (v3.3.0)

2024-06-27T19:57:32.537+08:00  INFO 24540 --- [Project] [           main] c.hit.project.ProjectApplicationTests    : Starting ProjectApplicationTests using Java 17.0.2 with PID 24540 (started by DELL in D:\AA学习用文件夹\软件工程\实验\PicWizard\PicWizard\backend\Project)
2024-06-27T19:57:32.539+08:00  INFO 24540 --- [Project] [           main] c.hit.project.ProjectApplicationTests    : No active profile set, falling back to 1 default profile: "default"
2024-06-27T19:57:35.248+08:00  INFO 24540 --- [Project] [           main] o.s.b.a.w.s.WelcomePageHandlerMapping    : Adding welcome page: class path resource [static/index.html]
2024-06-27T19:57:36.206+08:00  INFO 24540 --- [Project] [           main] c.hit.project.ProjectApplicationTests    : Started ProjectApplicationTests in 4.101 seconds (process running for 5.526)
]]></system-out>
    <system-err><![CDATA[SLF4J(W): Class path contains multiple SLF4J providers.
SLF4J(W): Found provider [ch.qos.logback.classic.spi.LogbackServiceProvider@79079097]
SLF4J(W): Found provider [org.slf4j.simple.SimpleServiceProvider@4d1c00d0]
SLF4J(W): See https://www.slf4j.org/codes.html#multiple_bindings for an explanation.
SLF4J(I): Actual provider is of type [ch.qos.logback.classic.spi.LogbackServiceProvider@79079097]
]]></system-err>
  </testcase>
</testsuite>